<?xml version="1.0" encoding="UTF-8"?>
<!-- Generated by org.testng.reporters.JUnitReportReporter -->
<testsuite hostname="DESKTOP-N6VKOK7" name="com.smart.service.UserServiceTest" tests="3" failures="0" timestamp="2 Aug 2017 13:30:28 GMT" time="2.431" errors="0">
  <testcase name="testHasMatchUser" time="0.717" classname="com.smart.service.UserServiceTest"/>
  <testcase name="testFindUserByUserName" time="0.904" classname="com.smart.service.UserServiceTest"/>
  <testcase name="testAddLoginLog" time="0.810" classname="com.smart.service.UserServiceTest"/>
</testsuite> <!-- com.smart.service.UserServiceTest -->
